<?xml version="1.0" encoding="UTF-8"?>
<coverage generated="1623564557268" clover="3.2.0">
  <project timestamp="1623564557268" name="All files">
    <metrics statements="88" coveredstatements="39" conditionals="34" coveredconditionals="9" methods="51" coveredmethods="9" elements="173" coveredelements="57" complexity="0" loc="88" ncloc="88" packages="6" files="6" classes="6"/>
    <package name="src">
      <metrics statements="1" coveredstatements="1" conditionals="0" coveredconditionals="0" methods="1" coveredmethods="1"/>
      <file name="App.js" path="D:\Learning\ek-prob-statement\src\App.js">
        <metrics statements="1" coveredstatements="1" conditionals="0" coveredconditionals="0" methods="1" coveredmethods="1"/>
        <line num="5" count="1" type="stmt"/>
      </file>
    </package>
    <package name="src.molecules.dropdown">
      <metrics statements="4" coveredstatements="2" conditionals="0" coveredconditionals="0" methods="3" coveredmethods="1"/>
      <file name="dropdown.js" path="D:\Learning\ek-prob-statement\src\molecules\dropdown\dropdown.js">
        <metrics statements="4" coveredstatements="2" conditionals="0" coveredconditionals="0" methods="3" coveredmethods="1"/>
        <line num="4" count="4" type="stmt"/>
        <line num="6" count="3" type="stmt"/>
        <line num="7" count="0" type="stmt"/>
        <line num="13" count="0" type="stmt"/>
      </file>
    </package>
    <package name="src.molecules.passengertype">
      <metrics statements="16" coveredstatements="10" conditionals="0" coveredconditionals="0" methods="9" coveredmethods="1"/>
      <file name="passenger.js" path="D:\Learning\ek-prob-statement\src\molecules\passengertype\passenger.js">
        <metrics statements="16" coveredstatements="10" conditionals="0" coveredconditionals="0" methods="9" coveredmethods="1"/>
        <line num="4" count="3" type="stmt"/>
        <line num="5" count="3" type="stmt"/>
        <line num="6" count="3" type="stmt"/>
        <line num="7" count="3" type="stmt"/>
        <line num="8" count="3" type="stmt"/>
        <line num="9" count="3" type="stmt"/>
        <line num="11" count="3" type="stmt"/>
        <line num="12" count="3" type="stmt"/>
        <line num="13" count="3" type="stmt"/>
        <line num="21" count="3" type="stmt"/>
        <line num="26" count="0" type="stmt"/>
        <line num="31" count="0" type="stmt"/>
        <line num="36" count="0" type="stmt"/>
        <line num="41" count="0" type="stmt"/>
        <line num="46" count="0" type="stmt"/>
        <line num="51" count="0" type="stmt"/>
      </file>
    </package>
    <package name="src.molecules.popover">
      <metrics statements="20" coveredstatements="9" conditionals="4" coveredconditionals="1" methods="8" coveredmethods="2"/>
      <file name="popover.js" path="D:\Learning\ek-prob-statement\src\molecules\popover\popover.js">
        <metrics statements="20" coveredstatements="9" conditionals="4" coveredconditionals="1" methods="8" coveredmethods="2"/>
        <line num="7" count="3" type="stmt"/>
        <line num="8" count="3" type="stmt"/>
        <line num="9" count="3" type="stmt"/>
        <line num="10" count="3" type="stmt"/>
        <line num="11" count="3" type="stmt"/>
        <line num="15" count="0" type="stmt"/>
        <line num="16" count="0" type="stmt"/>
        <line num="17" count="0" type="stmt"/>
        <line num="21" count="0" type="stmt"/>
        <line num="22" count="0" type="stmt"/>
        <line num="23" count="0" type="stmt"/>
        <line num="24" count="0" type="cond" truecount="0" falsecount="2"/>
        <line num="25" count="0" type="stmt"/>
        <line num="31" count="0" type="stmt"/>
        <line num="35" count="3" type="stmt"/>
        <line num="36" count="3" type="stmt"/>
        <line num="58" count="0" type="stmt"/>
        <line num="59" count="0" type="stmt"/>
        <line num="76" count="2" type="stmt"/>
        <line num="87" count="2" type="stmt"/>
      </file>
    </package>
    <package name="src.molecules.searchflightdatepicker">
      <metrics statements="1" coveredstatements="1" conditionals="0" coveredconditionals="0" methods="1" coveredmethods="1"/>
      <file name="searchflightdatepicker.js" path="D:\Learning\ek-prob-statement\src\molecules\searchflightdatepicker\searchflightdatepicker.js">
        <metrics statements="1" coveredstatements="1" conditionals="0" coveredconditionals="0" methods="1" coveredmethods="1"/>
        <line num="4" count="3" type="stmt"/>
      </file>
    </package>
    <package name="src.molecules.selectDropDown">
      <metrics statements="46" coveredstatements="16" conditionals="30" coveredconditionals="8" methods="29" coveredmethods="3"/>
      <file name="selectDropDown.js" path="D:\Learning\ek-prob-statement\src\molecules\selectDropDown\selectDropDown.js">
        <metrics statements="46" coveredstatements="16" conditionals="30" coveredconditionals="8" methods="29" coveredmethods="3"/>
        <line num="10" count="3" type="stmt"/>
        <line num="12" count="3" type="stmt"/>
        <line num="42" count="3" type="stmt"/>
        <line num="43" count="0" type="stmt"/>
        <line num="44" count="0" type="cond" truecount="0" falsecount="2"/>
        <line num="45" count="0" type="stmt"/>
        <line num="48" count="3" type="stmt"/>
        <line num="49" count="0" type="stmt"/>
        <line num="56" count="3" type="stmt"/>
        <line num="57" count="0" type="stmt"/>
        <line num="64" count="3" type="stmt"/>
        <line num="65" count="0" type="stmt"/>
        <line num="73" count="3" type="stmt"/>
        <line num="74" count="0" type="stmt"/>
        <line num="76" count="0" type="stmt"/>
        <line num="82" count="0" type="cond" truecount="0" falsecount="2"/>
        <line num="85" count="0" type="cond" truecount="0" falsecount="2"/>
        <line num="89" count="0" type="stmt"/>
        <line num="91" count="0" type="stmt"/>
        <line num="96" count="0" type="cond" truecount="0" falsecount="2"/>
        <line num="131" count="3" type="stmt"/>
        <line num="132" count="0" type="stmt"/>
        <line num="133" count="0" type="stmt"/>
        <line num="139" count="3" type="stmt"/>
        <line num="140" count="0" type="stmt"/>
        <line num="145" count="0" type="stmt"/>
        <line num="152" count="3" type="stmt"/>
        <line num="176" count="0" type="stmt"/>
        <line num="177" count="0" type="stmt"/>
        <line num="178" count="0" type="stmt"/>
        <line num="179" count="0" type="stmt"/>
        <line num="180" count="0" type="stmt"/>
        <line num="185" count="0" type="stmt"/>
        <line num="192" count="0" type="stmt"/>
        <line num="198" count="0" type="stmt"/>
        <line num="204" count="0" type="stmt"/>
        <line num="210" count="0" type="stmt"/>
        <line num="216" count="0" type="stmt"/>
        <line num="228" count="2" type="stmt"/>
        <line num="230" count="3" type="cond" truecount="2" falsecount="0"/>
        <line num="238" count="2" type="stmt"/>
        <line num="250" count="0" type="stmt"/>
        <line num="255" count="2" type="stmt"/>
        <line num="261" count="2" type="stmt"/>
        <line num="273" count="0" type="cond" truecount="0" falsecount="2"/>
        <line num="282" count="2" type="stmt"/>
      </file>
    </package>
  </project>
</coverage>
