{"D:\\Learning\\ek-prob-statement\\src\\App.js": {"path":"D:\\Learning\\ek-prob-statement\\src\\App.js","statementMap":{"0":{"start":{"line":5,"column":2},"end":{"line":9,"column":4}}},"fnMap":{"0":{"name":"App","decl":{"start":{"line":4,"column":9},"end":{"line":4,"column":12}},"loc":{"start":{"line":4,"column":15},"end":{"line":10,"column":1}},"line":4}},"branchMap":{},"s":{"0":1},"f":{"0":1},"b":{},"_coverageSchema":"1a1c01bbd47fc00a2c39e90264f33305004495a9","hash":"84531965cb3aba995aa57666e9fd69fded53f5c0"}
,"D:\\Learning\\ek-prob-statement\\src\\molecules\\dropdown\\dropdown.js": {"path":"D:\\Learning\\ek-prob-statement\\src\\molecules\\dropdown\\dropdown.js","statementMap":{"0":{"start":{"line":4,"column":40},"end":{"line":4,"column":45}},"1":{"start":{"line":6,"column":2},"end":{"line":22,"column":4}},"2":{"start":{"line":7,"column":68},"end":{"line":7,"column":96}},"3":{"start":{"line":13,"column":8},"end":{"line":19,"column":17}}},"fnMap":{"0":{"name":"Dropdown","decl":{"start":{"line":3,"column":24},"end":{"line":3,"column":32}},"loc":{"start":{"line":3,"column":40},"end":{"line":23,"column":1}},"line":3},"1":{"name":"(anonymous_1)","decl":{"start":{"line":7,"column":61},"end":{"line":7,"column":62}},"loc":{"start":{"line":7,"column":68},"end":{"line":7,"column":96}},"line":7},"2":{"name":"(anonymous_2)","decl":{"start":{"line":12,"column":23},"end":{"line":12,"column":24}},"loc":{"start":{"line":13,"column":8},"end":{"line":19,"column":17}},"line":13}},"branchMap":{},"s":{"0":4,"1":3,"2":0,"3":0},"f":{"0":4,"1":0,"2":0},"b":{},"_coverageSchema":"1a1c01bbd47fc00a2c39e90264f33305004495a9","hash":"530b614b3b028bfa309460c22015bd8b85804282"}
,"D:\\Learning\\ek-prob-statement\\src\\molecules\\passengertype\\passenger.js": {"path":"D:\\Learning\\ek-prob-statement\\src\\molecules\\passengertype\\passenger.js","statementMap":{"0":{"start":{"line":4,"column":37},"end":{"line":4,"column":42}},"1":{"start":{"line":5,"column":26},"end":{"line":5,"column":27}},"2":{"start":{"line":6,"column":36},"end":{"line":6,"column":47}},"3":{"start":{"line":7,"column":32},"end":{"line":7,"column":43}},"4":{"start":{"line":8,"column":30},"end":{"line":8,"column":41}},"5":{"start":{"line":9,"column":32},"end":{"line":9,"column":43}},"6":{"start":{"line":11,"column":52},"end":{"line":11,"column":66}},"7":{"start":{"line":12,"column":50},"end":{"line":12,"column":64}},"8":{"start":{"line":13,"column":52},"end":{"line":13,"column":66}},"9":{"start":{"line":21,"column":4},"end":{"line":56,"column":5}},"10":{"start":{"line":26,"column":85},"end":{"line":26,"column":110}},"11":{"start":{"line":31,"column":86},"end":{"line":31,"column":112}},"12":{"start":{"line":36,"column":84},"end":{"line":36,"column":108}},"13":{"start":{"line":41,"column":85},"end":{"line":41,"column":110}},"14":{"start":{"line":46,"column":85},"end":{"line":46,"column":110}},"15":{"start":{"line":51,"column":86},"end":{"line":51,"column":112}}},"fnMap":{"0":{"name":"Passenger","decl":{"start":{"line":3,"column":24},"end":{"line":3,"column":33}},"loc":{"start":{"line":3,"column":41},"end":{"line":58,"column":1}},"line":3},"1":{"name":"handleCountPlus","decl":{"start":{"line":15,"column":13},"end":{"line":15,"column":28}},"loc":{"start":{"line":15,"column":35},"end":{"line":17,"column":5}},"line":15},"2":{"name":"handleCountMinus","decl":{"start":{"line":18,"column":13},"end":{"line":18,"column":29}},"loc":{"start":{"line":18,"column":36},"end":{"line":20,"column":5}},"line":18},"3":{"name":"(anonymous_3)","decl":{"start":{"line":26,"column":79},"end":{"line":26,"column":80}},"loc":{"start":{"line":26,"column":85},"end":{"line":26,"column":110}},"line":26},"4":{"name":"(anonymous_4)","decl":{"start":{"line":31,"column":80},"end":{"line":31,"column":81}},"loc":{"start":{"line":31,"column":86},"end":{"line":31,"column":112}},"line":31},"5":{"name":"(anonymous_5)","decl":{"start":{"line":36,"column":78},"end":{"line":36,"column":79}},"loc":{"start":{"line":36,"column":84},"end":{"line":36,"column":108}},"line":36},"6":{"name":"(anonymous_6)","decl":{"start":{"line":41,"column":79},"end":{"line":41,"column":80}},"loc":{"start":{"line":41,"column":85},"end":{"line":41,"column":110}},"line":41},"7":{"name":"(anonymous_7)","decl":{"start":{"line":46,"column":79},"end":{"line":46,"column":80}},"loc":{"start":{"line":46,"column":85},"end":{"line":46,"column":110}},"line":46},"8":{"name":"(anonymous_8)","decl":{"start":{"line":51,"column":80},"end":{"line":51,"column":81}},"loc":{"start":{"line":51,"column":86},"end":{"line":51,"column":112}},"line":51}},"branchMap":{},"s":{"0":3,"1":3,"2":3,"3":3,"4":3,"5":3,"6":3,"7":3,"8":3,"9":3,"10":0,"11":0,"12":0,"13":0,"14":0,"15":0},"f":{"0":3,"1":0,"2":0,"3":0,"4":0,"5":0,"6":0,"7":0,"8":0},"b":{},"_coverageSchema":"1a1c01bbd47fc00a2c39e90264f33305004495a9","hash":"ca08d7e978fd6916387ecce8c74c8f3ee925371d"}
,"D:\\Learning\\ek-prob-statement\\src\\molecules\\popover\\popover.js": {"path":"D:\\Learning\\ek-prob-statement\\src\\molecules\\popover\\popover.js","statementMap":{"0":{"start":{"line":7,"column":4},"end":{"line":7,"column":17}},"1":{"start":{"line":8,"column":4},"end":{"line":8,"column":33}},"2":{"start":{"line":9,"column":4},"end":{"line":9,"column":51}},"3":{"start":{"line":10,"column":4},"end":{"line":10,"column":71}},"4":{"start":{"line":11,"column":4},"end":{"line":11,"column":63}},"5":{"start":{"line":15,"column":4},"end":{"line":15,"column":16}},"6":{"start":{"line":16,"column":4},"end":{"line":16,"column":23}},"7":{"start":{"line":17,"column":4},"end":{"line":17,"column":64}},"8":{"start":{"line":17,"column":26},"end":{"line":17,"column":61}},"9":{"start":{"line":21,"column":4},"end":{"line":27,"column":6}},"10":{"start":{"line":22,"column":6},"end":{"line":22,"column":18}},"11":{"start":{"line":23,"column":6},"end":{"line":23,"column":25}},"12":{"start":{"line":24,"column":6},"end":{"line":26,"column":7}},"13":{"start":{"line":25,"column":8},"end":{"line":25,"column":56}},"14":{"start":{"line":31,"column":4},"end":{"line":31,"column":35}},"15":{"start":{"line":35,"column":87},"end":{"line":35,"column":97}},"16":{"start":{"line":36,"column":4},"end":{"line":72,"column":6}},"17":{"start":{"line":58,"column":16},"end":{"line":58,"column":35}},"18":{"start":{"line":59,"column":16},"end":{"line":59,"column":41}},"19":{"start":{"line":76,"column":0},"end":{"line":85,"column":2}},"20":{"start":{"line":87,"column":0},"end":{"line":96,"column":2}}},"fnMap":{"0":{"name":"(anonymous_0)","decl":{"start":{"line":6,"column":2},"end":{"line":6,"column":3}},"loc":{"start":{"line":6,"column":21},"end":{"line":12,"column":3}},"line":6},"1":{"name":"(anonymous_1)","decl":{"start":{"line":14,"column":2},"end":{"line":14,"column":3}},"loc":{"start":{"line":14,"column":17},"end":{"line":18,"column":3}},"line":14},"2":{"name":"(anonymous_2)","decl":{"start":{"line":17,"column":18},"end":{"line":17,"column":19}},"loc":{"start":{"line":17,"column":26},"end":{"line":17,"column":61}},"line":17},"3":{"name":"(anonymous_3)","decl":{"start":{"line":20,"column":2},"end":{"line":20,"column":3}},"loc":{"start":{"line":20,"column":30},"end":{"line":28,"column":3}},"line":20},"4":{"name":"(anonymous_4)","decl":{"start":{"line":21,"column":11},"end":{"line":21,"column":12}},"loc":{"start":{"line":21,"column":18},"end":{"line":27,"column":5}},"line":21},"5":{"name":"(anonymous_5)","decl":{"start":{"line":30,"column":2},"end":{"line":30,"column":3}},"loc":{"start":{"line":30,"column":22},"end":{"line":32,"column":3}},"line":30},"6":{"name":"(anonymous_6)","decl":{"start":{"line":34,"column":2},"end":{"line":34,"column":3}},"loc":{"start":{"line":34,"column":11},"end":{"line":73,"column":3}},"line":34},"7":{"name":"(anonymous_7)","decl":{"start":{"line":57,"column":23},"end":{"line":57,"column":24}},"loc":{"start":{"line":57,"column":30},"end":{"line":60,"column":15}},"line":57}},"branchMap":{"0":{"loc":{"start":{"line":24,"column":6},"end":{"line":26,"column":7}},"type":"if","locations":[{"start":{"line":24,"column":6},"end":{"line":26,"column":7}},{"start":{"line":24,"column":6},"end":{"line":26,"column":7}}],"line":24},"1":{"loc":{"start":{"line":54,"column":14},"end":{"line":67,"column":16}},"type":"binary-expr","locations":[{"start":{"line":54,"column":14},"end":{"line":54,"column":23}},{"start":{"line":54,"column":27},"end":{"line":67,"column":16}}],"line":54}},"s":{"0":3,"1":3,"2":3,"3":3,"4":3,"5":0,"6":0,"7":0,"8":0,"9":0,"10":0,"11":0,"12":0,"13":0,"14":0,"15":3,"16":3,"17":0,"18":0,"19":2,"20":2},"f":{"0":3,"1":0,"2":0,"3":0,"4":0,"5":0,"6":3,"7":0},"b":{"0":[0,0],"1":[3,0]},"_coverageSchema":"1a1c01bbd47fc00a2c39e90264f33305004495a9","hash":"543553dea93f253b9c0cf67daad963cb7dd5be24"}
,"D:\\Learning\\ek-prob-statement\\src\\molecules\\searchflightdatepicker\\searchflightdatepicker.js": {"path":"D:\\Learning\\ek-prob-statement\\src\\molecules\\searchflightdatepicker\\searchflightdatepicker.js","statementMap":{"0":{"start":{"line":4,"column":4},"end":{"line":18,"column":5}}},"fnMap":{"0":{"name":"SearchFlightDatePicker","decl":{"start":{"line":3,"column":24},"end":{"line":3,"column":46}},"loc":{"start":{"line":3,"column":54},"end":{"line":19,"column":1}},"line":3}},"branchMap":{},"s":{"0":3},"f":{"0":3},"b":{},"_coverageSchema":"1a1c01bbd47fc00a2c39e90264f33305004495a9","hash":"e151abd38fac2207846559d057871eb3dfa22285"}
,"D:\\Learning\\ek-prob-statement\\src\\molecules\\selectDropDown\\selectDropDown.js": {"path":"D:\\Learning\\ek-prob-statement\\src\\molecules\\selectDropDown\\selectDropDown.js","statementMap":{"0":{"start":{"line":10,"column":8},"end":{"line":10,"column":21}},"1":{"start":{"line":12,"column":8},"end":{"line":39,"column":10}},"2":{"start":{"line":42,"column":16},"end":{"line":46,"column":5}},"3":{"start":{"line":43,"column":8},"end":{"line":43,"column":39}},"4":{"start":{"line":44,"column":28},"end":{"line":44,"column":64}},"5":{"start":{"line":45,"column":8},"end":{"line":45,"column":47}},"6":{"start":{"line":48,"column":22},"end":{"line":54,"column":5}},"7":{"start":{"line":49,"column":8},"end":{"line":53,"column":10}},"8":{"start":{"line":56,"column":21},"end":{"line":62,"column":5}},"9":{"start":{"line":57,"column":8},"end":{"line":61,"column":10}},"10":{"start":{"line":64,"column":19},"end":{"line":71,"column":5}},"11":{"start":{"line":65,"column":8},"end":{"line":70,"column":14}},"12":{"start":{"line":65,"column":57},"end":{"line":65,"column":78}},"13":{"start":{"line":73,"column":23},"end":{"line":129,"column":5}},"14":{"start":{"line":74,"column":23},"end":{"line":74,"column":52}},"15":{"start":{"line":76,"column":8},"end":{"line":128,"column":10}},"16":{"start":{"line":82,"column":28},"end":{"line":82,"column":87}},"17":{"start":{"line":85,"column":28},"end":{"line":90,"column":29}},"18":{"start":{"line":89,"column":32},"end":{"line":89,"column":44}},"19":{"start":{"line":91,"column":28},"end":{"line":124,"column":30}},"20":{"start":{"line":96,"column":71},"end":{"line":96,"column":94}},"21":{"start":{"line":131,"column":21},"end":{"line":137,"column":5}},"22":{"start":{"line":132,"column":8},"end":{"line":136,"column":25}},"23":{"start":{"line":133,"column":35},"end":{"line":133,"column":74}},"24":{"start":{"line":139,"column":20},"end":{"line":149,"column":5}},"25":{"start":{"line":140,"column":8},"end":{"line":148,"column":10}},"26":{"start":{"line":145,"column":27},"end":{"line":145,"column":51}},"27":{"start":{"line":152,"column":8},"end":{"line":224,"column":10}},"28":{"start":{"line":176,"column":38},"end":{"line":176,"column":47}},"29":{"start":{"line":177,"column":39},"end":{"line":177,"column":48}},"30":{"start":{"line":178,"column":34},"end":{"line":178,"column":43}},"31":{"start":{"line":179,"column":35},"end":{"line":179,"column":44}},"32":{"start":{"line":180,"column":36},"end":{"line":180,"column":58}},"33":{"start":{"line":185,"column":32},"end":{"line":185,"column":53}},"34":{"start":{"line":192,"column":28},"end":{"line":192,"column":85}},"35":{"start":{"line":198,"column":28},"end":{"line":198,"column":69}},"36":{"start":{"line":204,"column":28},"end":{"line":204,"column":78}},"37":{"start":{"line":210,"column":28},"end":{"line":210,"column":72}},"38":{"start":{"line":216,"column":28},"end":{"line":220,"column":29}},"39":{"start":{"line":228,"column":21},"end":{"line":236,"column":1}},"40":{"start":{"line":230,"column":8},"end":{"line":235,"column":2}},"41":{"start":{"line":238,"column":24},"end":{"line":253,"column":1}},"42":{"start":{"line":250,"column":41},"end":{"line":250,"column":46}},"43":{"start":{"line":255,"column":14},"end":{"line":259,"column":1}},"44":{"start":{"line":261,"column":13},"end":{"line":280,"column":1}},"45":{"start":{"line":273,"column":8},"end":{"line":279,"column":16}},"46":{"start":{"line":282,"column":18},"end":{"line":288,"column":1}}},"fnMap":{"0":{"name":"(anonymous_0)","decl":{"start":{"line":9,"column":4},"end":{"line":9,"column":5}},"loc":{"start":{"line":9,"column":23},"end":{"line":40,"column":5}},"line":9},"1":{"name":"(anonymous_1)","decl":{"start":{"line":42,"column":16},"end":{"line":42,"column":17}},"loc":{"start":{"line":42,"column":32},"end":{"line":46,"column":5}},"line":42},"2":{"name":"(anonymous_2)","decl":{"start":{"line":48,"column":22},"end":{"line":48,"column":23}},"loc":{"start":{"line":48,"column":44},"end":{"line":54,"column":5}},"line":48},"3":{"name":"(anonymous_3)","decl":{"start":{"line":56,"column":21},"end":{"line":56,"column":22}},"loc":{"start":{"line":56,"column":27},"end":{"line":62,"column":5}},"line":56},"4":{"name":"(anonymous_4)","decl":{"start":{"line":64,"column":19},"end":{"line":64,"column":20}},"loc":{"start":{"line":65,"column":8},"end":{"line":70,"column":14}},"line":65},"5":{"name":"(anonymous_5)","decl":{"start":{"line":65,"column":51},"end":{"line":65,"column":52}},"loc":{"start":{"line":65,"column":57},"end":{"line":65,"column":78}},"line":65},"6":{"name":"(anonymous_6)","decl":{"start":{"line":73,"column":23},"end":{"line":73,"column":24}},"loc":{"start":{"line":73,"column":54},"end":{"line":129,"column":5}},"line":73},"7":{"name":"(anonymous_7)","decl":{"start":{"line":81,"column":32},"end":{"line":81,"column":33}},"loc":{"start":{"line":82,"column":28},"end":{"line":82,"column":87}},"line":82},"8":{"name":"(anonymous_8)","decl":{"start":{"line":84,"column":29},"end":{"line":84,"column":30}},"loc":{"start":{"line":84,"column":39},"end":{"line":125,"column":25}},"line":84},"9":{"name":"(anonymous_9)","decl":{"start":{"line":96,"column":65},"end":{"line":96,"column":66}},"loc":{"start":{"line":96,"column":71},"end":{"line":96,"column":94}},"line":96},"10":{"name":"(anonymous_10)","decl":{"start":{"line":131,"column":21},"end":{"line":131,"column":22}},"loc":{"start":{"line":132,"column":8},"end":{"line":136,"column":25}},"line":132},"11":{"name":"(anonymous_11)","decl":{"start":{"line":133,"column":26},"end":{"line":133,"column":27}},"loc":{"start":{"line":133,"column":35},"end":{"line":133,"column":74}},"line":133},"12":{"name":"(anonymous_12)","decl":{"start":{"line":139,"column":20},"end":{"line":139,"column":21}},"loc":{"start":{"line":140,"column":8},"end":{"line":148,"column":10}},"line":140},"13":{"name":"(anonymous_13)","decl":{"start":{"line":145,"column":21},"end":{"line":145,"column":22}},"loc":{"start":{"line":145,"column":27},"end":{"line":145,"column":51}},"line":145},"14":{"name":"(anonymous_14)","decl":{"start":{"line":151,"column":4},"end":{"line":151,"column":5}},"loc":{"start":{"line":151,"column":13},"end":{"line":225,"column":5}},"line":151},"15":{"name":"(anonymous_15)","decl":{"start":{"line":176,"column":32},"end":{"line":176,"column":33}},"loc":{"start":{"line":176,"column":38},"end":{"line":176,"column":47}},"line":176},"16":{"name":"(anonymous_16)","decl":{"start":{"line":177,"column":33},"end":{"line":177,"column":34}},"loc":{"start":{"line":177,"column":39},"end":{"line":177,"column":48}},"line":177},"17":{"name":"(anonymous_17)","decl":{"start":{"line":178,"column":28},"end":{"line":178,"column":29}},"loc":{"start":{"line":178,"column":34},"end":{"line":178,"column":43}},"line":178},"18":{"name":"(anonymous_18)","decl":{"start":{"line":179,"column":29},"end":{"line":179,"column":30}},"loc":{"start":{"line":179,"column":35},"end":{"line":179,"column":44}},"line":179},"19":{"name":"(anonymous_19)","decl":{"start":{"line":180,"column":26},"end":{"line":180,"column":27}},"loc":{"start":{"line":180,"column":36},"end":{"line":180,"column":58}},"line":180},"20":{"name":"(anonymous_20)","decl":{"start":{"line":185,"column":26},"end":{"line":185,"column":27}},"loc":{"start":{"line":185,"column":32},"end":{"line":185,"column":53}},"line":185},"21":{"name":"(anonymous_21)","decl":{"start":{"line":191,"column":26},"end":{"line":191,"column":27}},"loc":{"start":{"line":192,"column":28},"end":{"line":192,"column":85}},"line":192},"22":{"name":"(anonymous_22)","decl":{"start":{"line":197,"column":26},"end":{"line":197,"column":27}},"loc":{"start":{"line":198,"column":28},"end":{"line":198,"column":69}},"line":198},"23":{"name":"(anonymous_23)","decl":{"start":{"line":203,"column":26},"end":{"line":203,"column":27}},"loc":{"start":{"line":204,"column":28},"end":{"line":204,"column":78}},"line":204},"24":{"name":"(anonymous_24)","decl":{"start":{"line":209,"column":26},"end":{"line":209,"column":27}},"loc":{"start":{"line":210,"column":28},"end":{"line":210,"column":72}},"line":210},"25":{"name":"(anonymous_25)","decl":{"start":{"line":215,"column":26},"end":{"line":215,"column":27}},"loc":{"start":{"line":216,"column":28},"end":{"line":220,"column":29}},"line":216},"26":{"name":"(anonymous_26)","decl":{"start":{"line":229,"column":4},"end":{"line":229,"column":5}},"loc":{"start":{"line":230,"column":8},"end":{"line":235,"column":2}},"line":230},"27":{"name":"(anonymous_27)","decl":{"start":{"line":250,"column":26},"end":{"line":250,"column":27}},"loc":{"start":{"line":250,"column":41},"end":{"line":250,"column":46}},"line":250},"28":{"name":"(anonymous_28)","decl":{"start":{"line":272,"column":4},"end":{"line":272,"column":5}},"loc":{"start":{"line":273,"column":8},"end":{"line":279,"column":16}},"line":273}},"branchMap":{"0":{"loc":{"start":{"line":44,"column":28},"end":{"line":44,"column":64}},"type":"binary-expr","locations":[{"start":{"line":44,"column":28},"end":{"line":44,"column":56}},{"start":{"line":44,"column":60},"end":{"line":44,"column":64}}],"line":44},"1":{"loc":{"start":{"line":82,"column":40},"end":{"line":82,"column":86}},"type":"binary-expr","locations":[{"start":{"line":82,"column":40},"end":{"line":82,"column":60}},{"start":{"line":82,"column":64},"end":{"line":82,"column":86}}],"line":82},"2":{"loc":{"start":{"line":85,"column":28},"end":{"line":90,"column":29}},"type":"if","locations":[{"start":{"line":85,"column":28},"end":{"line":90,"column":29}},{"start":{"line":85,"column":28},"end":{"line":90,"column":29}}],"line":85},"3":{"loc":{"start":{"line":86,"column":32},"end":{"line":87,"column":58}},"type":"binary-expr","locations":[{"start":{"line":86,"column":32},"end":{"line":86,"column":62}},{"start":{"line":87,"column":32},"end":{"line":87,"column":58}}],"line":86},"4":{"loc":{"start":{"line":96,"column":40},"end":{"line":96,"column":94}},"type":"cond-expr","locations":[{"start":{"line":96,"column":58},"end":{"line":96,"column":62}},{"start":{"line":96,"column":65},"end":{"line":96,"column":94}}],"line":96},"5":{"loc":{"start":{"line":101,"column":44},"end":{"line":106,"column":50}},"type":"binary-expr","locations":[{"start":{"line":101,"column":44},"end":{"line":101,"column":59}},{"start":{"line":102,"column":44},"end":{"line":106,"column":50}}],"line":101},"6":{"loc":{"start":{"line":109,"column":44},"end":{"line":120,"column":50}},"type":"binary-expr","locations":[{"start":{"line":109,"column":44},"end":{"line":109,"column":60}},{"start":{"line":110,"column":44},"end":{"line":120,"column":50}}],"line":109},"7":{"loc":{"start":{"line":184,"column":20},"end":{"line":186,"column":35}},"type":"cond-expr","locations":[{"start":{"line":185,"column":26},"end":{"line":185,"column":53}},{"start":{"line":186,"column":26},"end":{"line":186,"column":35}}],"line":184},"8":{"loc":{"start":{"line":190,"column":20},"end":{"line":193,"column":35}},"type":"cond-expr","locations":[{"start":{"line":191,"column":26},"end":{"line":192,"column":85}},{"start":{"line":193,"column":26},"end":{"line":193,"column":35}}],"line":190},"9":{"loc":{"start":{"line":196,"column":20},"end":{"line":199,"column":35}},"type":"cond-expr","locations":[{"start":{"line":197,"column":26},"end":{"line":198,"column":69}},{"start":{"line":199,"column":26},"end":{"line":199,"column":35}}],"line":196},"10":{"loc":{"start":{"line":202,"column":20},"end":{"line":205,"column":35}},"type":"cond-expr","locations":[{"start":{"line":203,"column":26},"end":{"line":204,"column":78}},{"start":{"line":205,"column":26},"end":{"line":205,"column":35}}],"line":202},"11":{"loc":{"start":{"line":208,"column":20},"end":{"line":211,"column":35}},"type":"cond-expr","locations":[{"start":{"line":209,"column":26},"end":{"line":210,"column":72}},{"start":{"line":211,"column":26},"end":{"line":211,"column":35}}],"line":208},"12":{"loc":{"start":{"line":214,"column":20},"end":{"line":221,"column":35}},"type":"cond-expr","locations":[{"start":{"line":215,"column":26},"end":{"line":220,"column":29}},{"start":{"line":221,"column":26},"end":{"line":221,"column":35}}],"line":214},"13":{"loc":{"start":{"line":230,"column":8},"end":{"line":235,"column":2}},"type":"binary-expr","locations":[{"start":{"line":230,"column":8},"end":{"line":230,"column":24}},{"start":{"line":231,"column":8},"end":{"line":235,"column":2}}],"line":230},"14":{"loc":{"start":{"line":273,"column":8},"end":{"line":279,"column":16}},"type":"cond-expr","locations":[{"start":{"line":274,"column":14},"end":{"line":278,"column":3}},{"start":{"line":279,"column":14},"end":{"line":279,"column":16}}],"line":273}},"s":{"0":3,"1":3,"2":3,"3":0,"4":0,"5":0,"6":3,"7":0,"8":3,"9":0,"10":3,"11":0,"12":0,"13":3,"14":0,"15":0,"16":0,"17":0,"18":0,"19":0,"20":0,"21":3,"22":0,"23":0,"24":3,"25":0,"26":0,"27":3,"28":0,"29":0,"30":0,"31":0,"32":0,"33":0,"34":0,"35":0,"36":0,"37":0,"38":0,"39":2,"40":3,"41":2,"42":0,"43":2,"44":2,"45":0,"46":2},"f":{"0":3,"1":0,"2":0,"3":0,"4":0,"5":0,"6":0,"7":0,"8":0,"9":0,"10":0,"11":0,"12":0,"13":0,"14":3,"15":0,"16":0,"17":0,"18":0,"19":0,"20":0,"21":0,"22":0,"23":0,"24":0,"25":0,"26":3,"27":0,"28":0},"b":{"0":[0,0],"1":[0,0],"2":[0,0],"3":[0,0],"4":[0,0],"5":[0,0],"6":[0,0],"7":[0,3],"8":[0,3],"9":[0,3],"10":[0,3],"11":[0,3],"12":[3,0],"13":[3,3],"14":[0,0]},"_coverageSchema":"1a1c01bbd47fc00a2c39e90264f33305004495a9","hash":"24ba6948360d2e81a3fa62767618dfde750a3e17"}
}
