TN:
SF:src\App.js
FN:4,App
FNF:1
FNH:1
FNDA:1,App
DA:5,1
LF:1
LH:1
BRF:0
BRH:0
end_of_record
TN:
SF:src\molecules\dropdown\dropdown.js
FN:3,Dropdown
FN:7,(anonymous_1)
FN:12,(anonymous_2)
FNF:3
FNH:1
FNDA:4,Dropdown
FNDA:0,(anonymous_1)
FNDA:0,(anonymous_2)
DA:4,4
DA:6,3
DA:7,0
DA:13,0
LF:4
LH:2
BRF:0
BRH:0
end_of_record
TN:
SF:src\molecules\passengertype\passenger.js
FN:3,Passenger
FN:15,handleCountPlus
FN:18,handleCountMinus
FN:26,(anonymous_3)
FN:31,(anonymous_4)
FN:36,(anonymous_5)
FN:41,(anonymous_6)
FN:46,(anonymous_7)
FN:51,(anonymous_8)
FNF:9
FNH:1
FNDA:3,Passenger
FNDA:0,handleCountPlus
FNDA:0,handleCountMinus
FNDA:0,(anonymous_3)
FNDA:0,(anonymous_4)
FNDA:0,(anonymous_5)
FNDA:0,(anonymous_6)
FNDA:0,(anonymous_7)
FNDA:0,(anonymous_8)
DA:4,3
DA:5,3
DA:6,3
DA:7,3
DA:8,3
DA:9,3
DA:11,3
DA:12,3
DA:13,3
DA:21,3
DA:26,0
DA:31,0
DA:36,0
DA:41,0
DA:46,0
DA:51,0
LF:16
LH:10
BRF:0
BRH:0
end_of_record
TN:
SF:src\molecules\popover\popover.js
FN:6,(anonymous_0)
FN:14,(anonymous_1)
FN:17,(anonymous_2)
FN:20,(anonymous_3)
FN:21,(anonymous_4)
FN:30,(anonymous_5)
FN:34,(anonymous_6)
FN:57,(anonymous_7)
FNF:8
FNH:2
FNDA:3,(anonymous_0)
FNDA:0,(anonymous_1)
FNDA:0,(anonymous_2)
FNDA:0,(anonymous_3)
FNDA:0,(anonymous_4)
FNDA:0,(anonymous_5)
FNDA:3,(anonymous_6)
FNDA:0,(anonymous_7)
DA:7,3
DA:8,3
DA:9,3
DA:10,3
DA:11,3
DA:15,0
DA:16,0
DA:17,0
DA:21,0
DA:22,0
DA:23,0
DA:24,0
DA:25,0
DA:31,0
DA:35,3
DA:36,3
DA:58,0
DA:59,0
DA:76,2
DA:87,2
LF:20
LH:9
BRDA:24,0,0,0
BRDA:24,0,1,0
BRDA:54,1,0,3
BRDA:54,1,1,0
BRF:4
BRH:1
end_of_record
TN:
SF:src\molecules\searchflightdatepicker\searchflightdatepicker.js
FN:3,SearchFlightDatePicker
FNF:1
FNH:1
FNDA:3,SearchFlightDatePicker
DA:4,3
LF:1
LH:1
BRF:0
BRH:0
end_of_record
TN:
SF:src\molecules\selectDropDown\selectDropDown.js
FN:9,(anonymous_0)
FN:42,(anonymous_1)
FN:48,(anonymous_2)
FN:56,(anonymous_3)
FN:64,(anonymous_4)
FN:65,(anonymous_5)
FN:73,(anonymous_6)
FN:81,(anonymous_7)
FN:84,(anonymous_8)
FN:96,(anonymous_9)
FN:131,(anonymous_10)
FN:133,(anonymous_11)
FN:139,(anonymous_12)
FN:145,(anonymous_13)
FN:151,(anonymous_14)
FN:176,(anonymous_15)
FN:177,(anonymous_16)
FN:178,(anonymous_17)
FN:179,(anonymous_18)
FN:180,(anonymous_19)
FN:185,(anonymous_20)
FN:191,(anonymous_21)
FN:197,(anonymous_22)
FN:203,(anonymous_23)
FN:209,(anonymous_24)
FN:215,(anonymous_25)
FN:229,(anonymous_26)
FN:250,(anonymous_27)
FN:272,(anonymous_28)
FNF:29
FNH:3
FNDA:3,(anonymous_0)
FNDA:0,(anonymous_1)
FNDA:0,(anonymous_2)
FNDA:0,(anonymous_3)
FNDA:0,(anonymous_4)
FNDA:0,(anonymous_5)
FNDA:0,(anonymous_6)
FNDA:0,(anonymous_7)
FNDA:0,(anonymous_8)
FNDA:0,(anonymous_9)
FNDA:0,(anonymous_10)
FNDA:0,(anonymous_11)
FNDA:0,(anonymous_12)
FNDA:0,(anonymous_13)
FNDA:3,(anonymous_14)
FNDA:0,(anonymous_15)
FNDA:0,(anonymous_16)
FNDA:0,(anonymous_17)
FNDA:0,(anonymous_18)
FNDA:0,(anonymous_19)
FNDA:0,(anonymous_20)
FNDA:0,(anonymous_21)
FNDA:0,(anonymous_22)
FNDA:0,(anonymous_23)
FNDA:0,(anonymous_24)
FNDA:0,(anonymous_25)
FNDA:3,(anonymous_26)
FNDA:0,(anonymous_27)
FNDA:0,(anonymous_28)
DA:10,3
DA:12,3
DA:42,3
DA:43,0
DA:44,0
DA:45,0
DA:48,3
DA:49,0
DA:56,3
DA:57,0
DA:64,3
DA:65,0
DA:73,3
DA:74,0
DA:76,0
DA:82,0
DA:85,0
DA:89,0
DA:91,0
DA:96,0
DA:131,3
DA:132,0
DA:133,0
DA:139,3
DA:140,0
DA:145,0
DA:152,3
DA:176,0
DA:177,0
DA:178,0
DA:179,0
DA:180,0
DA:185,0
DA:192,0
DA:198,0
DA:204,0
DA:210,0
DA:216,0
DA:228,2
DA:230,3
DA:238,2
DA:250,0
DA:255,2
DA:261,2
DA:273,0
DA:282,2
LF:46
LH:16
BRDA:44,0,0,0
BRDA:44,0,1,0
BRDA:82,1,0,0
BRDA:82,1,1,0
BRDA:85,2,0,0
BRDA:85,2,1,0
BRDA:86,3,0,0
BRDA:86,3,1,0
BRDA:96,4,0,0
BRDA:96,4,1,0
BRDA:101,5,0,0
BRDA:101,5,1,0
BRDA:109,6,0,0
BRDA:109,6,1,0
BRDA:184,7,0,0
BRDA:184,7,1,3
BRDA:190,8,0,0
BRDA:190,8,1,3
BRDA:196,9,0,0
BRDA:196,9,1,3
BRDA:202,10,0,0
BRDA:202,10,1,3
BRDA:208,11,0,0
BRDA:208,11,1,3
BRDA:214,12,0,3
BRDA:214,12,1,0
BRDA:230,13,0,3
BRDA:230,13,1,3
BRDA:273,14,0,0
BRDA:273,14,1,0
BRF:30
BRH:8
end_of_record
